Error[105]   C:\PROJELER\TRANSPONDER\570.ASM 22 : Cannot open file (Include File "P12F509.INC" not found)
Error[113]   C:\PROJELER\TRANSPONDER\570.ASM 24 : Symbol not previously defined (_MCLRE_OFF)
Error[113]   C:\PROJELER\TRANSPONDER\570.ASM 24 : Symbol not previously defined (_CP_OFF)
Error[113]   C:\PROJELER\TRANSPONDER\570.ASM 24 : Symbol not previously defined (_WDT_OFF)
Error[113]   C:\PROJELER\TRANSPONDER\570.ASM 24 : Symbol not previously defined (_IntRC_OSC)
Error[113]   C:\PROJELER\TRANSPONDER\570.ASM 57 : Symbol not previously defined (OSCCAL)
Error[113]   C:\PROJELER\TRANSPONDER\570.ASM 68 : Symbol not previously defined (PCL)
Error[113]   C:\PROJELER\TRANSPONDER\570.ASM 172 : Symbol not previously defined (GPIO)
Error[113]   C:\PROJELER\TRANSPONDER\570.ASM 127 : Symbol not previously defined (GPIO)
Error[126]   C:\PROJELER\TRANSPONDER\570.ASM 127 : Argument out of range (0 not between 5 and 9)
Error[113]   C:\PROJELER\TRANSPONDER\570.ASM 133 : Symbol not previously defined (GPIO)
Error[113]   C:\PROJELER\TRANSPONDER\570.ASM 137 : Symbol not previously defined (GPIO)
Error[126]   C:\PROJELER\TRANSPONDER\570.ASM 137 : Argument out of range (0 not between 5 and 9)
Error[113]   C:\PROJELER\TRANSPONDER\570.ASM 178 : Symbol not previously defined (GPIO)
Error[113]   C:\PROJELER\TRANSPONDER\570.ASM 186 : Symbol not previously defined (GPIO)
Error[113]   C:\PROJELER\TRANSPONDER\570.ASM 127 : Symbol not previously defined (GPIO)
Error[126]   C:\PROJELER\TRANSPONDER\570.ASM 127 : Argument out of range (0 not between 5 and 9)
Error[113]   C:\PROJELER\TRANSPONDER\570.ASM 133 : Symbol not previously defined (GPIO)
Error[113]   C:\PROJELER\TRANSPONDER\570.ASM 137 : Symbol not previously defined (GPIO)
Error[126]   C:\PROJELER\TRANSPONDER\570.ASM 137 : Argument out of range (0 not between 5 and 9)
Error[113]   C:\PROJELER\TRANSPONDER\570.ASM 209 : Symbol not previously defined (STATUS)
Error[113]   C:\PROJELER\TRANSPONDER\570.ASM 209 : Symbol not previously defined (C)
Error[113]   C:\PROJELER\TRANSPONDER\570.ASM 127 : Symbol not previously defined (GPIO)
Error[126]   C:\PROJELER\TRANSPONDER\570.ASM 127 : Argument out of range (0 not between 5 and 9)
Error[113]   C:\PROJELER\TRANSPONDER\570.ASM 215 : Symbol not previously defined (GPIO)
Error[113]   C:\PROJELER\TRANSPONDER\570.ASM 219 : Symbol not previously defined (GPIO)
Error[113]   C:\PROJELER\TRANSPONDER\570.ASM 127 : Symbol not previously defined (GPIO)
Error[126]   C:\PROJELER\TRANSPONDER\570.ASM 127 : Argument out of range (0 not between 5 and 9)
Error[113]   C:\PROJELER\TRANSPONDER\570.ASM 229 : Symbol not previously defined (GPIO)
Error[113]   C:\PROJELER\TRANSPONDER\570.ASM 235 : Symbol not previously defined (GPIO)
Error[113]   C:\PROJELER\TRANSPONDER\570.ASM 133 : Symbol not previously defined (GPIO)
Error[113]   C:\PROJELER\TRANSPONDER\570.ASM 137 : Symbol not previously defined (GPIO)
Error[126]   C:\PROJELER\TRANSPONDER\570.ASM 137 : Argument out of range (0 not between 5 and 9)
Error[113]   C:\PROJELER\TRANSPONDER\570.ASM 108 : Symbol not previously defined (GPIO)
Error[126]   C:\PROJELER\TRANSPONDER\570.ASM 108 : Argument out of range (0 not between 5 and 9)
Error[113]   C:\PROJELER\TRANSPONDER\570.ASM 112 : Symbol not previously defined (GPIO)
Error[113]   C:\PROJELER\TRANSPONDER\570.ASM 302 : Symbol not previously defined (GPIO)
Error[113]   C:\PROJELER\TRANSPONDER\570.ASM 309 : Symbol not previously defined (STATUS)
Error[113]   C:\PROJELER\TRANSPONDER\570.ASM 309 : Symbol not previously defined (Z)
Error[113]   C:\PROJELER\TRANSPONDER\570.ASM 316 : Symbol not previously defined (GPIO)
